<?xml version="1.0" encoding="UTF-8"?>
<!-- Generated by org.testng.reporters.JUnitReportReporter -->
<testsuite skipped="0" hostname="DESKTOP-T0FTKC2" name="Frameworks_TestNg_TestSuite.Class1" tests="3" failures="0" timestamp="2021-05-25T19:09:18 PKT" time="0.057" errors="0">
  <testcase name="tc002" time="0.006" classname="Frameworks_TestNg_TestSuite.Class1"/>
  <system-out>
    <![CDATA[tcoo2 executed]]>
  </system-out>
  <testcase name="tc003" time="0.006" classname="Frameworks_TestNg_TestSuite.Class1"/>
  <system-out>
    <![CDATA[tcoo3 executed]]>
  </system-out>
  <testcase name="tc001" time="0.045" classname="Frameworks_TestNg_TestSuite.Class1"/>
  <system-out>
    <![CDATA[tcoo1 executed]]>
  </system-out>
</testsuite> <!-- Frameworks_TestNg_TestSuite.Class1 -->
