<?xml version="1.0" encoding="UTF-8"?>
<!-- Generated by org.testng.reporters.JUnitReportReporter -->
<testsuite skipped="0" hostname="DESKTOP-T0FTKC2" name="Frameworks_TestNg_TestSuite.Class3" tests="3" failures="0" timestamp="2021-05-25T19:09:18 PKT" time="0.019" errors="0">
  <testcase name="tc008" time="0.008" classname="Frameworks_TestNg_TestSuite.Class3"/>
  <system-out>
    <![CDATA[tcoo8 executed]]>
  </system-out>
  <testcase name="tc009" time="0.008" classname="Frameworks_TestNg_TestSuite.Class3"/>
  <system-out>
    <![CDATA[tcoo9 executed]]>
  </system-out>
  <testcase name="tc007" time="0.003" classname="Frameworks_TestNg_TestSuite.Class3"/>
  <system-out>
    <![CDATA[tcoo7 executed]]>
  </system-out>
</testsuite> <!-- Frameworks_TestNg_TestSuite.Class3 -->
