<?xml version="1.0" encoding="UTF-8"?>
<!-- Generated by org.testng.reporters.JUnitReportReporter -->
<testsuite skipped="0" hostname="DESKTOP-T0FTKC2" name="Frameworks_TestNG_Groups.Test_Suite1" tests="3" failures="0" timestamp="2021-05-25T18:59:43 PKT" time="0.062" errors="0">
  <testcase name="tc002" time="0.004" classname="Frameworks_TestNG_Groups.Test_Suite1"/>
  <system-out/>
  <testcase name="tc003" time="0.051" classname="Frameworks_TestNG_Groups.Test_Suite1"/>
  <system-out/>
  <testcase name="tc001" time="0.007" classname="Frameworks_TestNG_Groups.Test_Suite1"/>
  <system-out/>
</testsuite> <!-- Frameworks_TestNG_Groups.Test_Suite1 -->
