<?xml version="1.0" encoding="UTF-8"?>
<!-- Generated by org.testng.reporters.JUnitReportReporter -->
<testsuite skipped="0" hostname="DESKTOP-T0FTKC2" name="Frameworks_TestNG_ExtentReport.TestSuite2" tests="2" failures="0" timestamp="2021-05-25T20:59:32 PKT" time="0.036" errors="0">
  <testcase name="TC001_reg_Invalid" time="0.014" classname="Frameworks_TestNG_ExtentReport.TestSuite2"/>
  <system-out/>
  <testcase name="TC001_reg_valid" time="0.022" classname="Frameworks_TestNG_ExtentReport.TestSuite2"/>
  <system-out/>
</testsuite> <!-- Frameworks_TestNG_ExtentReport.TestSuite2 -->
