<?xml version="1.0" encoding="UTF-8"?>
<!-- Generated by org.testng.reporters.JUnitReportReporter -->
<testsuite skipped="0" hostname="DESKTOP-T0FTKC2" name="Frameworks_TestNG_DataProvder.TestInput_Data" tests="4" failures="0" timestamp="2021-05-28T20:01:09 PKT" time="0.118" errors="0">
  <testcase name="Enterlogin" time="0.025" classname="Frameworks_TestNG_DataProvder.TestInput_Data"/>
  <system-out/>
  <testcase name="Enterlogin" time="0.037" classname="Frameworks_TestNG_DataProvder.TestInput_Data"/>
  <system-out/>
  <testcase name="Enterlogin" time="0.013" classname="Frameworks_TestNG_DataProvder.TestInput_Data"/>
  <system-out/>
  <testcase name="Enterlogin" time="0.043" classname="Frameworks_TestNG_DataProvder.TestInput_Data"/>
  <system-out/>
</testsuite> <!-- Frameworks_TestNG_DataProvder.TestInput_Data -->
