<?xml version="1.0" encoding="UTF-8"?>
<!-- Generated by org.testng.reporters.JUnitReportReporter -->
<testsuite skipped="0" hostname="DESKTOP-T0FTKC2" name="Frameworks_TestNG_DataProvder.InputData" tests="4" failures="0" timestamp="2021-05-28T20:01:34 PKT" time="0.068" errors="0">
  <testcase name="enter_user_info" time="0.018" classname="Frameworks_TestNG_DataProvder.InputData"/>
  <system-out/>
  <testcase name="enter_user_info" time="0.033" classname="Frameworks_TestNG_DataProvder.InputData"/>
  <system-out/>
  <testcase name="enter_user_info" time="0.008" classname="Frameworks_TestNG_DataProvder.InputData"/>
  <system-out/>
  <testcase name="enter_user_info" time="0.009" classname="Frameworks_TestNG_DataProvder.InputData"/>
  <system-out/>
</testsuite> <!-- Frameworks_TestNG_DataProvder.InputData -->
