<?xml version="1.0" encoding="UTF-8"?>
<!-- Generated by org.testng.reporters.JUnitReportReporter -->
<testsuite skipped="0" hostname="DESKTOP-T0FTKC2" name="Frameworks_TestNG_DataProvder.Testng_Reading_Data_From_Excel" tests="1" failures="0" timestamp="2021-05-30T10:41:12 PKT" time="0.123" errors="0">
  <testcase name="userLogin" time="0.123" classname="Frameworks_TestNG_DataProvder.Testng_Reading_Data_From_Excel"/>
  <system-out/>
</testsuite> <!-- Frameworks_TestNG_DataProvder.Testng_Reading_Data_From_Excel -->
