<?xml version="1.0" encoding="UTF-8"?>
<!-- Generated by org.testng.reporters.JUnitReportReporter -->
<testsuite skipped="0" hostname="DESKTOP-T0FTKC2" name="Frameworks_TestNg_TestSuite.Class2" tests="3" failures="0" timestamp="2021-05-25T19:09:18 PKT" time="0.024" errors="0">
  <testcase name="tc005" time="0.014" classname="Frameworks_TestNg_TestSuite.Class2"/>
  <system-out>
    <![CDATA[tcoo5 executed]]>
  </system-out>
  <testcase name="tc006" time="0.007" classname="Frameworks_TestNg_TestSuite.Class2"/>
  <system-out>
    <![CDATA[tcoo6 executed]]>
  </system-out>
  <testcase name="tc004" time="0.003" classname="Frameworks_TestNg_TestSuite.Class2"/>
  <system-out>
    <![CDATA[tcoo4 executed]]>
  </system-out>
</testsuite> <!-- Frameworks_TestNg_TestSuite.Class2 -->
