<?xml version="1.0" encoding="UTF-8"?>
<!-- Generated by org.testng.reporters.JUnitReportReporter -->
<testsuite skipped="0" hostname="DESKTOP-T0FTKC2" name="Frameworks_TestNG.BeforeTest_and_afterTest.TestSuite2" tests="3" failures="0" timestamp="2021-06-01T17:24:25 PKT" time="0.032" errors="0">
  <testcase name="tc004" time="0.015" classname="Frameworks_TestNG.BeforeTest_and_afterTest.TestSuite2"/>
  <system-out>
    <![CDATA[tc004  Executed]]>
  </system-out>
  <testcase name="tc005" time="0.004" classname="Frameworks_TestNG.BeforeTest_and_afterTest.TestSuite2"/>
  <system-out>
    <![CDATA[tc005  Executed]]>
  </system-out>
  <testcase name="tc006" time="0.013" classname="Frameworks_TestNG.BeforeTest_and_afterTest.TestSuite2"/>
  <system-out>
    <![CDATA[Tc006 executed]]>
  </system-out>
</testsuite> <!-- Frameworks_TestNG.BeforeTest_and_afterTest.TestSuite2 -->
