<?xml version="1.0" encoding="UTF-8"?>
<!-- Generated by org.testng.reporters.JUnitReportReporter -->
<testsuite skipped="0" hostname="DESKTOP-T0FTKC2" name="Frameworks_TestNG.BeforeTest_and_afterTest.Test_For_Firefox" tests="1" failures="0" timestamp="2021-06-01T17:24:25 PKT" time="0.008" errors="0">
  <testcase name="Logout" time="0.008" classname="Frameworks_TestNG.BeforeTest_and_afterTest.Test_For_Firefox"/>
  <system-out/>
</testsuite> <!-- Frameworks_TestNG.BeforeTest_and_afterTest.Test_For_Firefox -->
