<?xml version="1.0" encoding="UTF-8"?>
<!-- Generated by org.testng.reporters.JUnitReportReporter -->
<testsuite skipped="0" hostname="DESKTOP-T0FTKC2" name="Frameworks_TestNG_ExtentReport.Global_Testng_Reports" tests="2" failures="0" timestamp="2021-05-25T20:46:30 PKT" time="0.042" errors="0">
  <testcase name="TC001_userlogin_Invalid" time="0.022" classname="Frameworks_TestNG_ExtentReport.Global_Testng_Reports"/>
  <system-out/>
  <testcase name="TC001_userlogin_valid" time="0.020" classname="Frameworks_TestNG_ExtentReport.Global_Testng_Reports"/>
  <system-out/>
</testsuite> <!-- Frameworks_TestNG_ExtentReport.Global_Testng_Reports -->
