<?xml version="1.0" encoding="UTF-8"?>
<!-- Generated by org.testng.reporters.JUnitReportReporter -->
<testsuite skipped="1" hostname="DESKTOP-T0FTKC2" name="Frameworks_TestNG_DataProvider.Run_Testng_DataProvider_Using_Excel" tests="1" failures="0" timestamp="2021-05-31T10:51:47 PKT" time="0.000" errors="0">
  <testcase name="Get_user_data" time="0.000" classname="Frameworks_TestNG_DataProvider.Run_Testng_DataProvider_Using_Excel">
    <skipped/>
  </testcase> <!-- Get_user_data -->
  <system-out/>
</testsuite> <!-- Frameworks_TestNG_DataProvider.Run_Testng_DataProvider_Using_Excel -->
