<?xml version="1.0" encoding="UTF-8"?>
<!-- Generated by org.testng.reporters.JUnitReportReporter -->
<testsuite skipped="0" hostname="DESKTOP-T0FTKC2" name="Frameworks_TestNG_Groups.Test_Suite2" tests="3" failures="0" timestamp="2021-05-25T18:59:43 PKT" time="0.036" errors="0">
  <testcase name="tc006" time="0.012" classname="Frameworks_TestNG_Groups.Test_Suite2"/>
  <system-out>
    <![CDATA[Tc006 executed]]>
  </system-out>
  <testcase name="tc005" time="0.020" classname="Frameworks_TestNG_Groups.Test_Suite2"/>
  <system-out>
    <![CDATA[tc005  Executed]]>
  </system-out>
  <testcase name="tc004" time="0.004" classname="Frameworks_TestNG_Groups.Test_Suite2"/>
  <system-out>
    <![CDATA[tc004  Executed]]>
  </system-out>
</testsuite> <!-- Frameworks_TestNG_Groups.Test_Suite2 -->
