<?xml version="1.0" encoding="UTF-8"?>
<!-- Generated by org.testng.reporters.JUnitReportReporter -->
<testsuite skipped="0" hostname="DESKTOP-T0FTKC2" name="Package2.ClassB" tests="3" failures="0" timestamp="2021-06-04T19:05:21 PKT" time="0.049" errors="0">
  <testcase name="TC005" time="0.006" classname="Package2.ClassB"/>
  <system-out>
    <![CDATA[TC005 exicuted successfull]]>
  </system-out>
  <testcase name="TC004" time="0.029" classname="Package2.ClassB"/>
  <system-out>
    <![CDATA[TC004 exicuted successfull]]>
  </system-out>
  <testcase name="TC006" time="0.014" classname="Package2.ClassB"/>
  <system-out>
    <![CDATA[TC006 exicuted successfull]]>
  </system-out>
</testsuite> <!-- Package2.ClassB -->
